Terminals unused in grammar

   ERROR
   "<"
   "="
   "+"
   "-"
   "*"
   "/"
   "~"
   "@"
   "."
   PARENTHESIS_O
   PARENTHESIS_C


State 77 conflicts: 8 shift/reduce
State 80 conflicts: 8 shift/reduce
State 86 conflicts: 9 shift/reduce
State 104 conflicts: 8 shift/reduce
State 113 conflicts: 8 shift/reduce
State 116 conflicts: 9 shift/reduce
State 117 conflicts: 9 shift/reduce
State 118 conflicts: 9 shift/reduce
State 119 conflicts: 9 shift/reduce
State 120 conflicts: 9 shift/reduce
State 121 conflicts: 9 shift/reduce
State 155 conflicts: 9 shift/reduce


Grammar

    0 $accept: program $end

    1 program: class_list

    2 class_list: class
    3           | error ';'
    4           | class_list class
    5           | class_list error ';'

    6 class: CLASS TYPEID '{' feature_list '}' ';'
    7      | CLASS TYPEID '{' '}' ';'
    8      | CLASS TYPEID INHERITS TYPEID '{' feature_list '}' ';'
    9      | CLASS TYPEID INHERITS TYPEID '{' '}' ';'

   10 feature_list: feature ';'
   11             | error ';'
   12             | feature_list feature ';'
   13             | feature_list error ';'

   14 feature: OBJECTID '(' formals_list ')' ':' TYPEID '{' expr '}'
   15        | OBJECTID '(' formals_list ')' ':' TYPEID '{' '}'
   16        | OBJECTID '(' ')' ':' TYPEID '{' '}'
   17        | OBJECTID '(' ')' ':' TYPEID '{' expr '}'
   18        | OBJECTID ':' TYPEID opt_assign

   19 formal: OBJECTID ':' TYPEID

   20 formals_list: formal
   21             | formals_list ',' formal

   22 exprs_comma: expr
   23            | exprs_comma ',' expr

   24 exprs_semi: expr ';'
   25           | exprs_semi expr ';'

   26 case: OBJECTID ':' TYPEID DARROW expr ';'

   27 cases: case
   28      | cases case

   29 opt_assign: %empty
   30           | ASSIGN expr

   31 let_expr: OBJECTID ':' TYPEID opt_assign IN expr
   32         | OBJECTID ':' TYPEID opt_assign ',' let_expr
   33         | error ',' let_expr

   34 expr: OBJECTID ASSIGN expr
   35     | expr '@' TYPEID '.' OBJECTID '(' ')'
   36     | expr '@' TYPEID '.' OBJECTID '(' exprs_comma ')'
   37     | OBJECTID '(' ')'
   38     | OBJECTID '(' exprs_comma ')'
   39     | expr '.' OBJECTID '(' ')'
   40     | expr '.' OBJECTID '(' exprs_comma ')'
   41     | IF expr THEN expr ELSE expr FI
   42     | WHILE expr LOOP expr POOL
   43     | '{' exprs_semi '}'
   44     | '{' '}'
   45     | '{' error '}'
   46     | LET let_expr
   47     | CASE expr OF cases ESAC
   48     | NEW TYPEID
   49     | ISVOID expr
   50     | expr '+' expr
   51     | expr '-' expr
   52     | expr '*' expr
   53     | expr '/' expr
   54     | '~' expr
   55     | expr '<' expr
   56     | expr LE expr
   57     | expr '=' expr
   58     | NOT expr
   59     | '(' expr ')'
   60     | OBJECTID
   61     | STR_CONST
   62     | INT_CONST
   63     | TRUE
   64     | FALSE


Terminals, with rules where they appear

$end (0) 0
'(' (40) 14 15 16 17 35 36 37 38 39 40 59
')' (41) 14 15 16 17 35 36 37 38 39 40 59
'*' (42) 52
'+' (43) 50
',' (44) 21 23 32 33
'-' (45) 51
'.' (46) 35 36 39 40
'/' (47) 53
':' (58) 14 15 16 17 18 19 26 31 32
';' (59) 3 5 6 7 8 9 10 11 12 13 24 25 26
'<' (60) 55
'=' (61) 57
'@' (64) 35 36
'{' (123) 6 7 8 9 14 15 16 17 43 44 45
'}' (125) 6 7 8 9 14 15 16 17 43 44 45
'~' (126) 54
error (256) 3 5 11 13 33 45
CLASS (258) 6 7 8 9
ELSE (259) 41
FI (260) 41
IF (261) 41
IN (262) 31
INHERITS (263) 8 9
LET (264) 46
LOOP (265) 42
POOL (266) 42
THEN (267) 41
WHILE (268) 42
CASE (269) 47
ESAC (270) 47
OF (271) 47
DARROW (272) 26
NEW (273) 48
ISVOID (274) 49
STR_CONST (275) 61
INT_CONST (276) 62
TRUE (277) 63
TYPEID (278) 6 7 8 9 14 15 16 17 18 19 26 31 32 35 36 48
OBJECTID (279) 14 15 16 17 18 19 26 31 32 34 35 36 37 38 39 40 60
ASSIGN (280) 30 34
NOT (281) 58
LE (282) 56
ERROR (283)
FALSE (284) 64
"<" (286)
"=" (287)
"+" (288)
"-" (289)
"*" (290)
"/" (291)
"~" (292)
"@" (293)
"." (294)
PARENTHESIS_O (295)
PARENTHESIS_C (296)


Nonterminals, with rules where they appear

$accept (57)
    on left: 0
program (58)
    on left: 1, on right: 0
class_list (59)
    on left: 2 3 4 5, on right: 1 4 5
class (60)
    on left: 6 7 8 9, on right: 2 4
feature_list (61)
    on left: 10 11 12 13, on right: 6 8 12 13
feature (62)
    on left: 14 15 16 17 18, on right: 10 12
formal (63)
    on left: 19, on right: 20 21
formals_list (64)
    on left: 20 21, on right: 14 15 21
exprs_comma (65)
    on left: 22 23, on right: 23 36 38 40
exprs_semi (66)
    on left: 24 25, on right: 25 43
case (67)
    on left: 26, on right: 27 28
cases (68)
    on left: 27 28, on right: 28 47
opt_assign (69)
    on left: 29 30, on right: 18 31 32
let_expr (70)
    on left: 31 32 33, on right: 32 33 46
expr (71)
    on left: 34 35 36 37 38 39 40 41 42 43 44 45 46 47 48 49 50 51
    52 53 54 55 56 57 58 59 60 61 62 63 64, on right: 14 17 22 23 24
    25 26 30 31 34 35 36 39 40 41 42 47 49 50 51 52 53 54 55 56 57
    58 59


State 0

    0 $accept: . program $end

    error  shift, and go to state 1
    CLASS  shift, and go to state 2

    program     go to state 3
    class_list  go to state 4
    class       go to state 5


State 1

    3 class_list: error . ';'

    ';'  shift, and go to state 6


State 2

    6 class: CLASS . TYPEID '{' feature_list '}' ';'
    7      | CLASS . TYPEID '{' '}' ';'
    8      | CLASS . TYPEID INHERITS TYPEID '{' feature_list '}' ';'
    9      | CLASS . TYPEID INHERITS TYPEID '{' '}' ';'

    TYPEID  shift, and go to state 7


State 3

    0 $accept: program . $end

    $end  shift, and go to state 8


State 4

    1 program: class_list .
    4 class_list: class_list . class
    5           | class_list . error ';'

    error  shift, and go to state 9
    CLASS  shift, and go to state 2

    $end  reduce using rule 1 (program)

    class  go to state 10


State 5

    2 class_list: class .

    $default  reduce using rule 2 (class_list)


State 6

    3 class_list: error ';' .

    $default  reduce using rule 3 (class_list)


State 7

    6 class: CLASS TYPEID . '{' feature_list '}' ';'
    7      | CLASS TYPEID . '{' '}' ';'
    8      | CLASS TYPEID . INHERITS TYPEID '{' feature_list '}' ';'
    9      | CLASS TYPEID . INHERITS TYPEID '{' '}' ';'

    INHERITS  shift, and go to state 11
    '{'       shift, and go to state 12


State 8

    0 $accept: program $end .

    $default  accept


State 9

    5 class_list: class_list error . ';'

    ';'  shift, and go to state 13


State 10

    4 class_list: class_list class .

    $default  reduce using rule 4 (class_list)


State 11

    8 class: CLASS TYPEID INHERITS . TYPEID '{' feature_list '}' ';'
    9      | CLASS TYPEID INHERITS . TYPEID '{' '}' ';'

    TYPEID  shift, and go to state 14


State 12

    6 class: CLASS TYPEID '{' . feature_list '}' ';'
    7      | CLASS TYPEID '{' . '}' ';'

    error     shift, and go to state 15
    OBJECTID  shift, and go to state 16
    '}'       shift, and go to state 17

    feature_list  go to state 18
    feature       go to state 19


State 13

    5 class_list: class_list error ';' .

    $default  reduce using rule 5 (class_list)


State 14

    8 class: CLASS TYPEID INHERITS TYPEID . '{' feature_list '}' ';'
    9      | CLASS TYPEID INHERITS TYPEID . '{' '}' ';'

    '{'  shift, and go to state 20


State 15

   11 feature_list: error . ';'

    ';'  shift, and go to state 21


State 16

   14 feature: OBJECTID . '(' formals_list ')' ':' TYPEID '{' expr '}'
   15        | OBJECTID . '(' formals_list ')' ':' TYPEID '{' '}'
   16        | OBJECTID . '(' ')' ':' TYPEID '{' '}'
   17        | OBJECTID . '(' ')' ':' TYPEID '{' expr '}'
   18        | OBJECTID . ':' TYPEID opt_assign

    '('  shift, and go to state 22
    ':'  shift, and go to state 23


State 17

    7 class: CLASS TYPEID '{' '}' . ';'

    ';'  shift, and go to state 24


State 18

    6 class: CLASS TYPEID '{' feature_list . '}' ';'
   12 feature_list: feature_list . feature ';'
   13             | feature_list . error ';'

    error     shift, and go to state 25
    OBJECTID  shift, and go to state 16
    '}'       shift, and go to state 26

    feature  go to state 27


State 19

   10 feature_list: feature . ';'

    ';'  shift, and go to state 28


State 20

    8 class: CLASS TYPEID INHERITS TYPEID '{' . feature_list '}' ';'
    9      | CLASS TYPEID INHERITS TYPEID '{' . '}' ';'

    error     shift, and go to state 15
    OBJECTID  shift, and go to state 16
    '}'       shift, and go to state 29

    feature_list  go to state 30
    feature       go to state 19


State 21

   11 feature_list: error ';' .

    $default  reduce using rule 11 (feature_list)


State 22

   14 feature: OBJECTID '(' . formals_list ')' ':' TYPEID '{' expr '}'
   15        | OBJECTID '(' . formals_list ')' ':' TYPEID '{' '}'
   16        | OBJECTID '(' . ')' ':' TYPEID '{' '}'
   17        | OBJECTID '(' . ')' ':' TYPEID '{' expr '}'

    OBJECTID  shift, and go to state 31
    ')'       shift, and go to state 32

    formal        go to state 33
    formals_list  go to state 34


State 23

   18 feature: OBJECTID ':' . TYPEID opt_assign

    TYPEID  shift, and go to state 35


State 24

    7 class: CLASS TYPEID '{' '}' ';' .

    $default  reduce using rule 7 (class)


State 25

   13 feature_list: feature_list error . ';'

    ';'  shift, and go to state 36


State 26

    6 class: CLASS TYPEID '{' feature_list '}' . ';'

    ';'  shift, and go to state 37


State 27

   12 feature_list: feature_list feature . ';'

    ';'  shift, and go to state 38


State 28

   10 feature_list: feature ';' .

    $default  reduce using rule 10 (feature_list)


State 29

    9 class: CLASS TYPEID INHERITS TYPEID '{' '}' . ';'

    ';'  shift, and go to state 39


State 30

    8 class: CLASS TYPEID INHERITS TYPEID '{' feature_list . '}' ';'
   12 feature_list: feature_list . feature ';'
   13             | feature_list . error ';'

    error     shift, and go to state 25
    OBJECTID  shift, and go to state 16
    '}'       shift, and go to state 40

    feature  go to state 27


State 31

   19 formal: OBJECTID . ':' TYPEID

    ':'  shift, and go to state 41


State 32

   16 feature: OBJECTID '(' ')' . ':' TYPEID '{' '}'
   17        | OBJECTID '(' ')' . ':' TYPEID '{' expr '}'

    ':'  shift, and go to state 42


State 33

   20 formals_list: formal .

    $default  reduce using rule 20 (formals_list)


State 34

   14 feature: OBJECTID '(' formals_list . ')' ':' TYPEID '{' expr '}'
   15        | OBJECTID '(' formals_list . ')' ':' TYPEID '{' '}'
   21 formals_list: formals_list . ',' formal

    ')'  shift, and go to state 43
    ','  shift, and go to state 44


State 35

   18 feature: OBJECTID ':' TYPEID . opt_assign

    ASSIGN  shift, and go to state 45

    $default  reduce using rule 29 (opt_assign)

    opt_assign  go to state 46


State 36

   13 feature_list: feature_list error ';' .

    $default  reduce using rule 13 (feature_list)


State 37

    6 class: CLASS TYPEID '{' feature_list '}' ';' .

    $default  reduce using rule 6 (class)


State 38

   12 feature_list: feature_list feature ';' .

    $default  reduce using rule 12 (feature_list)


State 39

    9 class: CLASS TYPEID INHERITS TYPEID '{' '}' ';' .

    $default  reduce using rule 9 (class)


State 40

    8 class: CLASS TYPEID INHERITS TYPEID '{' feature_list '}' . ';'

    ';'  shift, and go to state 47


State 41

   19 formal: OBJECTID ':' . TYPEID

    TYPEID  shift, and go to state 48


State 42

   16 feature: OBJECTID '(' ')' ':' . TYPEID '{' '}'
   17        | OBJECTID '(' ')' ':' . TYPEID '{' expr '}'

    TYPEID  shift, and go to state 49


State 43

   14 feature: OBJECTID '(' formals_list ')' . ':' TYPEID '{' expr '}'
   15        | OBJECTID '(' formals_list ')' . ':' TYPEID '{' '}'

    ':'  shift, and go to state 50


State 44

   21 formals_list: formals_list ',' . formal

    OBJECTID  shift, and go to state 31

    formal  go to state 51


State 45

   30 opt_assign: ASSIGN . expr

    IF         shift, and go to state 52
    LET        shift, and go to state 53
    WHILE      shift, and go to state 54
    CASE       shift, and go to state 55
    NEW        shift, and go to state 56
    ISVOID     shift, and go to state 57
    STR_CONST  shift, and go to state 58
    INT_CONST  shift, and go to state 59
    TRUE       shift, and go to state 60
    FALSE      shift, and go to state 61
    OBJECTID   shift, and go to state 62
    NOT        shift, and go to state 63
    '{'        shift, and go to state 64
    '('        shift, and go to state 65
    '~'        shift, and go to state 66

    expr  go to state 67


State 46

   18 feature: OBJECTID ':' TYPEID opt_assign .

    $default  reduce using rule 18 (feature)


State 47

    8 class: CLASS TYPEID INHERITS TYPEID '{' feature_list '}' ';' .

    $default  reduce using rule 8 (class)


State 48

   19 formal: OBJECTID ':' TYPEID .

    $default  reduce using rule 19 (formal)


State 49

   16 feature: OBJECTID '(' ')' ':' TYPEID . '{' '}'
   17        | OBJECTID '(' ')' ':' TYPEID . '{' expr '}'

    '{'  shift, and go to state 68


State 50

   14 feature: OBJECTID '(' formals_list ')' ':' . TYPEID '{' expr '}'
   15        | OBJECTID '(' formals_list ')' ':' . TYPEID '{' '}'

    TYPEID  shift, and go to state 69


State 51

   21 formals_list: formals_list ',' formal .

    $default  reduce using rule 21 (formals_list)


State 52

   41 expr: IF . expr THEN expr ELSE expr FI

    IF         shift, and go to state 52
    LET        shift, and go to state 53
    WHILE      shift, and go to state 54
    CASE       shift, and go to state 55
    NEW        shift, and go to state 56
    ISVOID     shift, and go to state 57
    STR_CONST  shift, and go to state 58
    INT_CONST  shift, and go to state 59
    TRUE       shift, and go to state 60
    FALSE      shift, and go to state 61
    OBJECTID   shift, and go to state 62
    NOT        shift, and go to state 63
    '{'        shift, and go to state 64
    '('        shift, and go to state 65
    '~'        shift, and go to state 66

    expr  go to state 70


State 53

   46 expr: LET . let_expr

    error     shift, and go to state 71
    OBJECTID  shift, and go to state 72

    let_expr  go to state 73


State 54

   42 expr: WHILE . expr LOOP expr POOL

    IF         shift, and go to state 52
    LET        shift, and go to state 53
    WHILE      shift, and go to state 54
    CASE       shift, and go to state 55
    NEW        shift, and go to state 56
    ISVOID     shift, and go to state 57
    STR_CONST  shift, and go to state 58
    INT_CONST  shift, and go to state 59
    TRUE       shift, and go to state 60
    FALSE      shift, and go to state 61
    OBJECTID   shift, and go to state 62
    NOT        shift, and go to state 63
    '{'        shift, and go to state 64
    '('        shift, and go to state 65
    '~'        shift, and go to state 66

    expr  go to state 74


State 55

   47 expr: CASE . expr OF cases ESAC

    IF         shift, and go to state 52
    LET        shift, and go to state 53
    WHILE      shift, and go to state 54
    CASE       shift, and go to state 55
    NEW        shift, and go to state 56
    ISVOID     shift, and go to state 57
    STR_CONST  shift, and go to state 58
    INT_CONST  shift, and go to state 59
    TRUE       shift, and go to state 60
    FALSE      shift, and go to state 61
    OBJECTID   shift, and go to state 62
    NOT        shift, and go to state 63
    '{'        shift, and go to state 64
    '('        shift, and go to state 65
    '~'        shift, and go to state 66

    expr  go to state 75


State 56

   48 expr: NEW . TYPEID

    TYPEID  shift, and go to state 76


State 57

   49 expr: ISVOID . expr

    IF         shift, and go to state 52
    LET        shift, and go to state 53
    WHILE      shift, and go to state 54
    CASE       shift, and go to state 55
    NEW        shift, and go to state 56
    ISVOID     shift, and go to state 57
    STR_CONST  shift, and go to state 58
    INT_CONST  shift, and go to state 59
    TRUE       shift, and go to state 60
    FALSE      shift, and go to state 61
    OBJECTID   shift, and go to state 62
    NOT        shift, and go to state 63
    '{'        shift, and go to state 64
    '('        shift, and go to state 65
    '~'        shift, and go to state 66

    expr  go to state 77


State 58

   61 expr: STR_CONST .

    $default  reduce using rule 61 (expr)


State 59

   62 expr: INT_CONST .

    $default  reduce using rule 62 (expr)


State 60

   63 expr: TRUE .

    $default  reduce using rule 63 (expr)


State 61

   64 expr: FALSE .

    $default  reduce using rule 64 (expr)


State 62

   34 expr: OBJECTID . ASSIGN expr
   37     | OBJECTID . '(' ')'
   38     | OBJECTID . '(' exprs_comma ')'
   60     | OBJECTID .

    ASSIGN  shift, and go to state 78
    '('     shift, and go to state 79

    $default  reduce using rule 60 (expr)


State 63

   58 expr: NOT . expr

    IF         shift, and go to state 52
    LET        shift, and go to state 53
    WHILE      shift, and go to state 54
    CASE       shift, and go to state 55
    NEW        shift, and go to state 56
    ISVOID     shift, and go to state 57
    STR_CONST  shift, and go to state 58
    INT_CONST  shift, and go to state 59
    TRUE       shift, and go to state 60
    FALSE      shift, and go to state 61
    OBJECTID   shift, and go to state 62
    NOT        shift, and go to state 63
    '{'        shift, and go to state 64
    '('        shift, and go to state 65
    '~'        shift, and go to state 66

    expr  go to state 80


State 64

   43 expr: '{' . exprs_semi '}'
   44     | '{' . '}'
   45     | '{' . error '}'

    error      shift, and go to state 81
    IF         shift, and go to state 52
    LET        shift, and go to state 53
    WHILE      shift, and go to state 54
    CASE       shift, and go to state 55
    NEW        shift, and go to state 56
    ISVOID     shift, and go to state 57
    STR_CONST  shift, and go to state 58
    INT_CONST  shift, and go to state 59
    TRUE       shift, and go to state 60
    FALSE      shift, and go to state 61
    OBJECTID   shift, and go to state 62
    NOT        shift, and go to state 63
    '{'        shift, and go to state 64
    '}'        shift, and go to state 82
    '('        shift, and go to state 65
    '~'        shift, and go to state 66

    exprs_semi  go to state 83
    expr        go to state 84


State 65

   59 expr: '(' . expr ')'

    IF         shift, and go to state 52
    LET        shift, and go to state 53
    WHILE      shift, and go to state 54
    CASE       shift, and go to state 55
    NEW        shift, and go to state 56
    ISVOID     shift, and go to state 57
    STR_CONST  shift, and go to state 58
    INT_CONST  shift, and go to state 59
    TRUE       shift, and go to state 60
    FALSE      shift, and go to state 61
    OBJECTID   shift, and go to state 62
    NOT        shift, and go to state 63
    '{'        shift, and go to state 64
    '('        shift, and go to state 65
    '~'        shift, and go to state 66

    expr  go to state 85


State 66

   54 expr: '~' . expr

    IF         shift, and go to state 52
    LET        shift, and go to state 53
    WHILE      shift, and go to state 54
    CASE       shift, and go to state 55
    NEW        shift, and go to state 56
    ISVOID     shift, and go to state 57
    STR_CONST  shift, and go to state 58
    INT_CONST  shift, and go to state 59
    TRUE       shift, and go to state 60
    FALSE      shift, and go to state 61
    OBJECTID   shift, and go to state 62
    NOT        shift, and go to state 63
    '{'        shift, and go to state 64
    '('        shift, and go to state 65
    '~'        shift, and go to state 66

    expr  go to state 86


State 67

   30 opt_assign: ASSIGN expr .
   35 expr: expr . '@' TYPEID '.' OBJECTID '(' ')'
   36     | expr . '@' TYPEID '.' OBJECTID '(' exprs_comma ')'
   39     | expr . '.' OBJECTID '(' ')'
   40     | expr . '.' OBJECTID '(' exprs_comma ')'
   50     | expr . '+' expr
   51     | expr . '-' expr
   52     | expr . '*' expr
   53     | expr . '/' expr
   55     | expr . '<' expr
   56     | expr . LE expr
   57     | expr . '=' expr

    LE   shift, and go to state 87
    '@'  shift, and go to state 88
    '.'  shift, and go to state 89
    '+'  shift, and go to state 90
    '-'  shift, and go to state 91
    '*'  shift, and go to state 92
    '/'  shift, and go to state 93
    '<'  shift, and go to state 94
    '='  shift, and go to state 95

    $default  reduce using rule 30 (opt_assign)


State 68

   16 feature: OBJECTID '(' ')' ':' TYPEID '{' . '}'
   17        | OBJECTID '(' ')' ':' TYPEID '{' . expr '}'

    IF         shift, and go to state 52
    LET        shift, and go to state 53
    WHILE      shift, and go to state 54
    CASE       shift, and go to state 55
    NEW        shift, and go to state 56
    ISVOID     shift, and go to state 57
    STR_CONST  shift, and go to state 58
    INT_CONST  shift, and go to state 59
    TRUE       shift, and go to state 60
    FALSE      shift, and go to state 61
    OBJECTID   shift, and go to state 62
    NOT        shift, and go to state 63
    '{'        shift, and go to state 64
    '}'        shift, and go to state 96
    '('        shift, and go to state 65
    '~'        shift, and go to state 66

    expr  go to state 97


State 69

   14 feature: OBJECTID '(' formals_list ')' ':' TYPEID . '{' expr '}'
   15        | OBJECTID '(' formals_list ')' ':' TYPEID . '{' '}'

    '{'  shift, and go to state 98


State 70

   35 expr: expr . '@' TYPEID '.' OBJECTID '(' ')'
   36     | expr . '@' TYPEID '.' OBJECTID '(' exprs_comma ')'
   39     | expr . '.' OBJECTID '(' ')'
   40     | expr . '.' OBJECTID '(' exprs_comma ')'
   41     | IF expr . THEN expr ELSE expr FI
   50     | expr . '+' expr
   51     | expr . '-' expr
   52     | expr . '*' expr
   53     | expr . '/' expr
   55     | expr . '<' expr
   56     | expr . LE expr
   57     | expr . '=' expr

    THEN  shift, and go to state 99
    LE    shift, and go to state 87
    '@'   shift, and go to state 88
    '.'   shift, and go to state 89
    '+'   shift, and go to state 90
    '-'   shift, and go to state 91
    '*'   shift, and go to state 92
    '/'   shift, and go to state 93
    '<'   shift, and go to state 94
    '='   shift, and go to state 95


State 71

   33 let_expr: error . ',' let_expr

    ','  shift, and go to state 100


State 72

   31 let_expr: OBJECTID . ':' TYPEID opt_assign IN expr
   32         | OBJECTID . ':' TYPEID opt_assign ',' let_expr

    ':'  shift, and go to state 101


State 73

   46 expr: LET let_expr .

    $default  reduce using rule 46 (expr)


State 74

   35 expr: expr . '@' TYPEID '.' OBJECTID '(' ')'
   36     | expr . '@' TYPEID '.' OBJECTID '(' exprs_comma ')'
   39     | expr . '.' OBJECTID '(' ')'
   40     | expr . '.' OBJECTID '(' exprs_comma ')'
   42     | WHILE expr . LOOP expr POOL
   50     | expr . '+' expr
   51     | expr . '-' expr
   52     | expr . '*' expr
   53     | expr . '/' expr
   55     | expr . '<' expr
   56     | expr . LE expr
   57     | expr . '=' expr

    LOOP  shift, and go to state 102
    LE    shift, and go to state 87
    '@'   shift, and go to state 88
    '.'   shift, and go to state 89
    '+'   shift, and go to state 90
    '-'   shift, and go to state 91
    '*'   shift, and go to state 92
    '/'   shift, and go to state 93
    '<'   shift, and go to state 94
    '='   shift, and go to state 95


State 75

   35 expr: expr . '@' TYPEID '.' OBJECTID '(' ')'
   36     | expr . '@' TYPEID '.' OBJECTID '(' exprs_comma ')'
   39     | expr . '.' OBJECTID '(' ')'
   40     | expr . '.' OBJECTID '(' exprs_comma ')'
   47     | CASE expr . OF cases ESAC
   50     | expr . '+' expr
   51     | expr . '-' expr
   52     | expr . '*' expr
   53     | expr . '/' expr
   55     | expr . '<' expr
   56     | expr . LE expr
   57     | expr . '=' expr

    OF   shift, and go to state 103
    LE   shift, and go to state 87
    '@'  shift, and go to state 88
    '.'  shift, and go to state 89
    '+'  shift, and go to state 90
    '-'  shift, and go to state 91
    '*'  shift, and go to state 92
    '/'  shift, and go to state 93
    '<'  shift, and go to state 94
    '='  shift, and go to state 95


State 76

   48 expr: NEW TYPEID .

    $default  reduce using rule 48 (expr)


State 77

   35 expr: expr . '@' TYPEID '.' OBJECTID '(' ')'
   36     | expr . '@' TYPEID '.' OBJECTID '(' exprs_comma ')'
   39     | expr . '.' OBJECTID '(' ')'
   40     | expr . '.' OBJECTID '(' exprs_comma ')'
   49     | ISVOID expr .
   50     | expr . '+' expr
   51     | expr . '-' expr
   52     | expr . '*' expr
   53     | expr . '/' expr
   55     | expr . '<' expr
   56     | expr . LE expr
   57     | expr . '=' expr

    '@'  shift, and go to state 88
    '.'  shift, and go to state 89
    '+'  shift, and go to state 90
    '-'  shift, and go to state 91
    '*'  shift, and go to state 92
    '/'  shift, and go to state 93
    '<'  shift, and go to state 94
    '='  shift, and go to state 95

    '@'       [reduce using rule 49 (expr)]
    '.'       [reduce using rule 49 (expr)]
    '+'       [reduce using rule 49 (expr)]
    '-'       [reduce using rule 49 (expr)]
    '*'       [reduce using rule 49 (expr)]
    '/'       [reduce using rule 49 (expr)]
    '<'       [reduce using rule 49 (expr)]
    '='       [reduce using rule 49 (expr)]
    $default  reduce using rule 49 (expr)


State 78

   34 expr: OBJECTID ASSIGN . expr

    IF         shift, and go to state 52
    LET        shift, and go to state 53
    WHILE      shift, and go to state 54
    CASE       shift, and go to state 55
    NEW        shift, and go to state 56
    ISVOID     shift, and go to state 57
    STR_CONST  shift, and go to state 58
    INT_CONST  shift, and go to state 59
    TRUE       shift, and go to state 60
    FALSE      shift, and go to state 61
    OBJECTID   shift, and go to state 62
    NOT        shift, and go to state 63
    '{'        shift, and go to state 64
    '('        shift, and go to state 65
    '~'        shift, and go to state 66

    expr  go to state 104


State 79

   37 expr: OBJECTID '(' . ')'
   38     | OBJECTID '(' . exprs_comma ')'

    IF         shift, and go to state 52
    LET        shift, and go to state 53
    WHILE      shift, and go to state 54
    CASE       shift, and go to state 55
    NEW        shift, and go to state 56
    ISVOID     shift, and go to state 57
    STR_CONST  shift, and go to state 58
    INT_CONST  shift, and go to state 59
    TRUE       shift, and go to state 60
    FALSE      shift, and go to state 61
    OBJECTID   shift, and go to state 62
    NOT        shift, and go to state 63
    '{'        shift, and go to state 64
    '('        shift, and go to state 65
    ')'        shift, and go to state 105
    '~'        shift, and go to state 66

    exprs_comma  go to state 106
    expr         go to state 107


State 80

   35 expr: expr . '@' TYPEID '.' OBJECTID '(' ')'
   36     | expr . '@' TYPEID '.' OBJECTID '(' exprs_comma ')'
   39     | expr . '.' OBJECTID '(' ')'
   40     | expr . '.' OBJECTID '(' exprs_comma ')'
   50     | expr . '+' expr
   51     | expr . '-' expr
   52     | expr . '*' expr
   53     | expr . '/' expr
   55     | expr . '<' expr
   56     | expr . LE expr
   57     | expr . '=' expr
   58     | NOT expr .

    LE   shift, and go to state 87
    '@'  shift, and go to state 88
    '.'  shift, and go to state 89
    '+'  shift, and go to state 90
    '-'  shift, and go to state 91
    '*'  shift, and go to state 92
    '/'  shift, and go to state 93
    '<'  shift, and go to state 94
    '='  shift, and go to state 95

    '@'       [reduce using rule 58 (expr)]
    '.'       [reduce using rule 58 (expr)]
    '+'       [reduce using rule 58 (expr)]
    '-'       [reduce using rule 58 (expr)]
    '*'       [reduce using rule 58 (expr)]
    '/'       [reduce using rule 58 (expr)]
    '<'       [reduce using rule 58 (expr)]
    '='       [reduce using rule 58 (expr)]
    $default  reduce using rule 58 (expr)


State 81

   45 expr: '{' error . '}'

    '}'  shift, and go to state 108


State 82

   44 expr: '{' '}' .

    $default  reduce using rule 44 (expr)


State 83

   25 exprs_semi: exprs_semi . expr ';'
   43 expr: '{' exprs_semi . '}'

    IF         shift, and go to state 52
    LET        shift, and go to state 53
    WHILE      shift, and go to state 54
    CASE       shift, and go to state 55
    NEW        shift, and go to state 56
    ISVOID     shift, and go to state 57
    STR_CONST  shift, and go to state 58
    INT_CONST  shift, and go to state 59
    TRUE       shift, and go to state 60
    FALSE      shift, and go to state 61
    OBJECTID   shift, and go to state 62
    NOT        shift, and go to state 63
    '{'        shift, and go to state 64
    '}'        shift, and go to state 109
    '('        shift, and go to state 65
    '~'        shift, and go to state 66

    expr  go to state 110


State 84

   24 exprs_semi: expr . ';'
   35 expr: expr . '@' TYPEID '.' OBJECTID '(' ')'
   36     | expr . '@' TYPEID '.' OBJECTID '(' exprs_comma ')'
   39     | expr . '.' OBJECTID '(' ')'
   40     | expr . '.' OBJECTID '(' exprs_comma ')'
   50     | expr . '+' expr
   51     | expr . '-' expr
   52     | expr . '*' expr
   53     | expr . '/' expr
   55     | expr . '<' expr
   56     | expr . LE expr
   57     | expr . '=' expr

    LE   shift, and go to state 87
    ';'  shift, and go to state 111
    '@'  shift, and go to state 88
    '.'  shift, and go to state 89
    '+'  shift, and go to state 90
    '-'  shift, and go to state 91
    '*'  shift, and go to state 92
    '/'  shift, and go to state 93
    '<'  shift, and go to state 94
    '='  shift, and go to state 95


State 85

   35 expr: expr . '@' TYPEID '.' OBJECTID '(' ')'
   36     | expr . '@' TYPEID '.' OBJECTID '(' exprs_comma ')'
   39     | expr . '.' OBJECTID '(' ')'
   40     | expr . '.' OBJECTID '(' exprs_comma ')'
   50     | expr . '+' expr
   51     | expr . '-' expr
   52     | expr . '*' expr
   53     | expr . '/' expr
   55     | expr . '<' expr
   56     | expr . LE expr
   57     | expr . '=' expr
   59     | '(' expr . ')'

    LE   shift, and go to state 87
    ')'  shift, and go to state 112
    '@'  shift, and go to state 88
    '.'  shift, and go to state 89
    '+'  shift, and go to state 90
    '-'  shift, and go to state 91
    '*'  shift, and go to state 92
    '/'  shift, and go to state 93
    '<'  shift, and go to state 94
    '='  shift, and go to state 95


State 86

   35 expr: expr . '@' TYPEID '.' OBJECTID '(' ')'
   36     | expr . '@' TYPEID '.' OBJECTID '(' exprs_comma ')'
   39     | expr . '.' OBJECTID '(' ')'
   40     | expr . '.' OBJECTID '(' exprs_comma ')'
   50     | expr . '+' expr
   51     | expr . '-' expr
   52     | expr . '*' expr
   53     | expr . '/' expr
   54     | '~' expr .
   55     | expr . '<' expr
   56     | expr . LE expr
   57     | expr . '=' expr

    LE   shift, and go to state 87
    '@'  shift, and go to state 88
    '.'  shift, and go to state 89
    '+'  shift, and go to state 90
    '-'  shift, and go to state 91
    '*'  shift, and go to state 92
    '/'  shift, and go to state 93
    '<'  shift, and go to state 94
    '='  shift, and go to state 95

    LE        [reduce using rule 54 (expr)]
    '@'       [reduce using rule 54 (expr)]
    '.'       [reduce using rule 54 (expr)]
    '+'       [reduce using rule 54 (expr)]
    '-'       [reduce using rule 54 (expr)]
    '*'       [reduce using rule 54 (expr)]
    '/'       [reduce using rule 54 (expr)]
    '<'       [reduce using rule 54 (expr)]
    '='       [reduce using rule 54 (expr)]
    $default  reduce using rule 54 (expr)


State 87

   56 expr: expr LE . expr

    IF         shift, and go to state 52
    LET        shift, and go to state 53
    WHILE      shift, and go to state 54
    CASE       shift, and go to state 55
    NEW        shift, and go to state 56
    ISVOID     shift, and go to state 57
    STR_CONST  shift, and go to state 58
    INT_CONST  shift, and go to state 59
    TRUE       shift, and go to state 60
    FALSE      shift, and go to state 61
    OBJECTID   shift, and go to state 62
    NOT        shift, and go to state 63
    '{'        shift, and go to state 64
    '('        shift, and go to state 65
    '~'        shift, and go to state 66

    expr  go to state 113


State 88

   35 expr: expr '@' . TYPEID '.' OBJECTID '(' ')'
   36     | expr '@' . TYPEID '.' OBJECTID '(' exprs_comma ')'

    TYPEID  shift, and go to state 114


State 89

   39 expr: expr '.' . OBJECTID '(' ')'
   40     | expr '.' . OBJECTID '(' exprs_comma ')'

    OBJECTID  shift, and go to state 115


State 90

   50 expr: expr '+' . expr

    IF         shift, and go to state 52
    LET        shift, and go to state 53
    WHILE      shift, and go to state 54
    CASE       shift, and go to state 55
    NEW        shift, and go to state 56
    ISVOID     shift, and go to state 57
    STR_CONST  shift, and go to state 58
    INT_CONST  shift, and go to state 59
    TRUE       shift, and go to state 60
    FALSE      shift, and go to state 61
    OBJECTID   shift, and go to state 62
    NOT        shift, and go to state 63
    '{'        shift, and go to state 64
    '('        shift, and go to state 65
    '~'        shift, and go to state 66

    expr  go to state 116


State 91

   51 expr: expr '-' . expr

    IF         shift, and go to state 52
    LET        shift, and go to state 53
    WHILE      shift, and go to state 54
    CASE       shift, and go to state 55
    NEW        shift, and go to state 56
    ISVOID     shift, and go to state 57
    STR_CONST  shift, and go to state 58
    INT_CONST  shift, and go to state 59
    TRUE       shift, and go to state 60
    FALSE      shift, and go to state 61
    OBJECTID   shift, and go to state 62
    NOT        shift, and go to state 63
    '{'        shift, and go to state 64
    '('        shift, and go to state 65
    '~'        shift, and go to state 66

    expr  go to state 117


State 92

   52 expr: expr '*' . expr

    IF         shift, and go to state 52
    LET        shift, and go to state 53
    WHILE      shift, and go to state 54
    CASE       shift, and go to state 55
    NEW        shift, and go to state 56
    ISVOID     shift, and go to state 57
    STR_CONST  shift, and go to state 58
    INT_CONST  shift, and go to state 59
    TRUE       shift, and go to state 60
    FALSE      shift, and go to state 61
    OBJECTID   shift, and go to state 62
    NOT        shift, and go to state 63
    '{'        shift, and go to state 64
    '('        shift, and go to state 65
    '~'        shift, and go to state 66

    expr  go to state 118


State 93

   53 expr: expr '/' . expr

    IF         shift, and go to state 52
    LET        shift, and go to state 53
    WHILE      shift, and go to state 54
    CASE       shift, and go to state 55
    NEW        shift, and go to state 56
    ISVOID     shift, and go to state 57
    STR_CONST  shift, and go to state 58
    INT_CONST  shift, and go to state 59
    TRUE       shift, and go to state 60
    FALSE      shift, and go to state 61
    OBJECTID   shift, and go to state 62
    NOT        shift, and go to state 63
    '{'        shift, and go to state 64
    '('        shift, and go to state 65
    '~'        shift, and go to state 66

    expr  go to state 119


State 94

   55 expr: expr '<' . expr

    IF         shift, and go to state 52
    LET        shift, and go to state 53
    WHILE      shift, and go to state 54
    CASE       shift, and go to state 55
    NEW        shift, and go to state 56
    ISVOID     shift, and go to state 57
    STR_CONST  shift, and go to state 58
    INT_CONST  shift, and go to state 59
    TRUE       shift, and go to state 60
    FALSE      shift, and go to state 61
    OBJECTID   shift, and go to state 62
    NOT        shift, and go to state 63
    '{'        shift, and go to state 64
    '('        shift, and go to state 65
    '~'        shift, and go to state 66

    expr  go to state 120


State 95

   57 expr: expr '=' . expr

    IF         shift, and go to state 52
    LET        shift, and go to state 53
    WHILE      shift, and go to state 54
    CASE       shift, and go to state 55
    NEW        shift, and go to state 56
    ISVOID     shift, and go to state 57
    STR_CONST  shift, and go to state 58
    INT_CONST  shift, and go to state 59
    TRUE       shift, and go to state 60
    FALSE      shift, and go to state 61
    OBJECTID   shift, and go to state 62
    NOT        shift, and go to state 63
    '{'        shift, and go to state 64
    '('        shift, and go to state 65
    '~'        shift, and go to state 66

    expr  go to state 121


State 96

   16 feature: OBJECTID '(' ')' ':' TYPEID '{' '}' .

    $default  reduce using rule 16 (feature)


State 97

   17 feature: OBJECTID '(' ')' ':' TYPEID '{' expr . '}'
   35 expr: expr . '@' TYPEID '.' OBJECTID '(' ')'
   36     | expr . '@' TYPEID '.' OBJECTID '(' exprs_comma ')'
   39     | expr . '.' OBJECTID '(' ')'
   40     | expr . '.' OBJECTID '(' exprs_comma ')'
   50     | expr . '+' expr
   51     | expr . '-' expr
   52     | expr . '*' expr
   53     | expr . '/' expr
   55     | expr . '<' expr
   56     | expr . LE expr
   57     | expr . '=' expr

    LE   shift, and go to state 87
    '}'  shift, and go to state 122
    '@'  shift, and go to state 88
    '.'  shift, and go to state 89
    '+'  shift, and go to state 90
    '-'  shift, and go to state 91
    '*'  shift, and go to state 92
    '/'  shift, and go to state 93
    '<'  shift, and go to state 94
    '='  shift, and go to state 95


State 98

   14 feature: OBJECTID '(' formals_list ')' ':' TYPEID '{' . expr '}'
   15        | OBJECTID '(' formals_list ')' ':' TYPEID '{' . '}'

    IF         shift, and go to state 52
    LET        shift, and go to state 53
    WHILE      shift, and go to state 54
    CASE       shift, and go to state 55
    NEW        shift, and go to state 56
    ISVOID     shift, and go to state 57
    STR_CONST  shift, and go to state 58
    INT_CONST  shift, and go to state 59
    TRUE       shift, and go to state 60
    FALSE      shift, and go to state 61
    OBJECTID   shift, and go to state 62
    NOT        shift, and go to state 63
    '{'        shift, and go to state 64
    '}'        shift, and go to state 123
    '('        shift, and go to state 65
    '~'        shift, and go to state 66

    expr  go to state 124


State 99

   41 expr: IF expr THEN . expr ELSE expr FI

    IF         shift, and go to state 52
    LET        shift, and go to state 53
    WHILE      shift, and go to state 54
    CASE       shift, and go to state 55
    NEW        shift, and go to state 56
    ISVOID     shift, and go to state 57
    STR_CONST  shift, and go to state 58
    INT_CONST  shift, and go to state 59
    TRUE       shift, and go to state 60
    FALSE      shift, and go to state 61
    OBJECTID   shift, and go to state 62
    NOT        shift, and go to state 63
    '{'        shift, and go to state 64
    '('        shift, and go to state 65
    '~'        shift, and go to state 66

    expr  go to state 125


State 100

   33 let_expr: error ',' . let_expr

    error     shift, and go to state 71
    OBJECTID  shift, and go to state 72

    let_expr  go to state 126


State 101

   31 let_expr: OBJECTID ':' . TYPEID opt_assign IN expr
   32         | OBJECTID ':' . TYPEID opt_assign ',' let_expr

    TYPEID  shift, and go to state 127


State 102

   42 expr: WHILE expr LOOP . expr POOL

    IF         shift, and go to state 52
    LET        shift, and go to state 53
    WHILE      shift, and go to state 54
    CASE       shift, and go to state 55
    NEW        shift, and go to state 56
    ISVOID     shift, and go to state 57
    STR_CONST  shift, and go to state 58
    INT_CONST  shift, and go to state 59
    TRUE       shift, and go to state 60
    FALSE      shift, and go to state 61
    OBJECTID   shift, and go to state 62
    NOT        shift, and go to state 63
    '{'        shift, and go to state 64
    '('        shift, and go to state 65
    '~'        shift, and go to state 66

    expr  go to state 128


State 103

   47 expr: CASE expr OF . cases ESAC

    OBJECTID  shift, and go to state 129

    case   go to state 130
    cases  go to state 131


State 104

   34 expr: OBJECTID ASSIGN expr .
   35     | expr . '@' TYPEID '.' OBJECTID '(' ')'
   36     | expr . '@' TYPEID '.' OBJECTID '(' exprs_comma ')'
   39     | expr . '.' OBJECTID '(' ')'
   40     | expr . '.' OBJECTID '(' exprs_comma ')'
   50     | expr . '+' expr
   51     | expr . '-' expr
   52     | expr . '*' expr
   53     | expr . '/' expr
   55     | expr . '<' expr
   56     | expr . LE expr
   57     | expr . '=' expr

    LE   shift, and go to state 87
    '@'  shift, and go to state 88
    '.'  shift, and go to state 89
    '+'  shift, and go to state 90
    '-'  shift, and go to state 91
    '*'  shift, and go to state 92
    '/'  shift, and go to state 93
    '<'  shift, and go to state 94
    '='  shift, and go to state 95

    '@'       [reduce using rule 34 (expr)]
    '.'       [reduce using rule 34 (expr)]
    '+'       [reduce using rule 34 (expr)]
    '-'       [reduce using rule 34 (expr)]
    '*'       [reduce using rule 34 (expr)]
    '/'       [reduce using rule 34 (expr)]
    '<'       [reduce using rule 34 (expr)]
    '='       [reduce using rule 34 (expr)]
    $default  reduce using rule 34 (expr)


State 105

   37 expr: OBJECTID '(' ')' .

    $default  reduce using rule 37 (expr)


State 106

   23 exprs_comma: exprs_comma . ',' expr
   38 expr: OBJECTID '(' exprs_comma . ')'

    ')'  shift, and go to state 132
    ','  shift, and go to state 133


State 107

   22 exprs_comma: expr .
   35 expr: expr . '@' TYPEID '.' OBJECTID '(' ')'
   36     | expr . '@' TYPEID '.' OBJECTID '(' exprs_comma ')'
   39     | expr . '.' OBJECTID '(' ')'
   40     | expr . '.' OBJECTID '(' exprs_comma ')'
   50     | expr . '+' expr
   51     | expr . '-' expr
   52     | expr . '*' expr
   53     | expr . '/' expr
   55     | expr . '<' expr
   56     | expr . LE expr
   57     | expr . '=' expr

    LE   shift, and go to state 87
    '@'  shift, and go to state 88
    '.'  shift, and go to state 89
    '+'  shift, and go to state 90
    '-'  shift, and go to state 91
    '*'  shift, and go to state 92
    '/'  shift, and go to state 93
    '<'  shift, and go to state 94
    '='  shift, and go to state 95

    $default  reduce using rule 22 (exprs_comma)


State 108

   45 expr: '{' error '}' .

    $default  reduce using rule 45 (expr)


State 109

   43 expr: '{' exprs_semi '}' .

    $default  reduce using rule 43 (expr)


State 110

   25 exprs_semi: exprs_semi expr . ';'
   35 expr: expr . '@' TYPEID '.' OBJECTID '(' ')'
   36     | expr . '@' TYPEID '.' OBJECTID '(' exprs_comma ')'
   39     | expr . '.' OBJECTID '(' ')'
   40     | expr . '.' OBJECTID '(' exprs_comma ')'
   50     | expr . '+' expr
   51     | expr . '-' expr
   52     | expr . '*' expr
   53     | expr . '/' expr
   55     | expr . '<' expr
   56     | expr . LE expr
   57     | expr . '=' expr

    LE   shift, and go to state 87
    ';'  shift, and go to state 134
    '@'  shift, and go to state 88
    '.'  shift, and go to state 89
    '+'  shift, and go to state 90
    '-'  shift, and go to state 91
    '*'  shift, and go to state 92
    '/'  shift, and go to state 93
    '<'  shift, and go to state 94
    '='  shift, and go to state 95


State 111

   24 exprs_semi: expr ';' .

    $default  reduce using rule 24 (exprs_semi)


State 112

   59 expr: '(' expr ')' .

    $default  reduce using rule 59 (expr)


State 113

   35 expr: expr . '@' TYPEID '.' OBJECTID '(' ')'
   36     | expr . '@' TYPEID '.' OBJECTID '(' exprs_comma ')'
   39     | expr . '.' OBJECTID '(' ')'
   40     | expr . '.' OBJECTID '(' exprs_comma ')'
   50     | expr . '+' expr
   51     | expr . '-' expr
   52     | expr . '*' expr
   53     | expr . '/' expr
   55     | expr . '<' expr
   56     | expr . LE expr
   56     | expr LE expr .
   57     | expr . '=' expr

    '@'  shift, and go to state 88
    '.'  shift, and go to state 89
    '+'  shift, and go to state 90
    '-'  shift, and go to state 91
    '*'  shift, and go to state 92
    '/'  shift, and go to state 93
    '<'  shift, and go to state 94
    '='  shift, and go to state 95

    LE  error (nonassociative)

    '@'       [reduce using rule 56 (expr)]
    '.'       [reduce using rule 56 (expr)]
    '+'       [reduce using rule 56 (expr)]
    '-'       [reduce using rule 56 (expr)]
    '*'       [reduce using rule 56 (expr)]
    '/'       [reduce using rule 56 (expr)]
    '<'       [reduce using rule 56 (expr)]
    '='       [reduce using rule 56 (expr)]
    $default  reduce using rule 56 (expr)


State 114

   35 expr: expr '@' TYPEID . '.' OBJECTID '(' ')'
   36     | expr '@' TYPEID . '.' OBJECTID '(' exprs_comma ')'

    '.'  shift, and go to state 135


State 115

   39 expr: expr '.' OBJECTID . '(' ')'
   40     | expr '.' OBJECTID . '(' exprs_comma ')'

    '('  shift, and go to state 136


State 116

   35 expr: expr . '@' TYPEID '.' OBJECTID '(' ')'
   36     | expr . '@' TYPEID '.' OBJECTID '(' exprs_comma ')'
   39     | expr . '.' OBJECTID '(' ')'
   40     | expr . '.' OBJECTID '(' exprs_comma ')'
   50     | expr . '+' expr
   50     | expr '+' expr .
   51     | expr . '-' expr
   52     | expr . '*' expr
   53     | expr . '/' expr
   55     | expr . '<' expr
   56     | expr . LE expr
   57     | expr . '=' expr

    LE   shift, and go to state 87
    '@'  shift, and go to state 88
    '.'  shift, and go to state 89
    '+'  shift, and go to state 90
    '-'  shift, and go to state 91
    '*'  shift, and go to state 92
    '/'  shift, and go to state 93
    '<'  shift, and go to state 94
    '='  shift, and go to state 95

    LE        [reduce using rule 50 (expr)]
    '@'       [reduce using rule 50 (expr)]
    '.'       [reduce using rule 50 (expr)]
    '+'       [reduce using rule 50 (expr)]
    '-'       [reduce using rule 50 (expr)]
    '*'       [reduce using rule 50 (expr)]
    '/'       [reduce using rule 50 (expr)]
    '<'       [reduce using rule 50 (expr)]
    '='       [reduce using rule 50 (expr)]
    $default  reduce using rule 50 (expr)


State 117

   35 expr: expr . '@' TYPEID '.' OBJECTID '(' ')'
   36     | expr . '@' TYPEID '.' OBJECTID '(' exprs_comma ')'
   39     | expr . '.' OBJECTID '(' ')'
   40     | expr . '.' OBJECTID '(' exprs_comma ')'
   50     | expr . '+' expr
   51     | expr . '-' expr
   51     | expr '-' expr .
   52     | expr . '*' expr
   53     | expr . '/' expr
   55     | expr . '<' expr
   56     | expr . LE expr
   57     | expr . '=' expr

    LE   shift, and go to state 87
    '@'  shift, and go to state 88
    '.'  shift, and go to state 89
    '+'  shift, and go to state 90
    '-'  shift, and go to state 91
    '*'  shift, and go to state 92
    '/'  shift, and go to state 93
    '<'  shift, and go to state 94
    '='  shift, and go to state 95

    LE        [reduce using rule 51 (expr)]
    '@'       [reduce using rule 51 (expr)]
    '.'       [reduce using rule 51 (expr)]
    '+'       [reduce using rule 51 (expr)]
    '-'       [reduce using rule 51 (expr)]
    '*'       [reduce using rule 51 (expr)]
    '/'       [reduce using rule 51 (expr)]
    '<'       [reduce using rule 51 (expr)]
    '='       [reduce using rule 51 (expr)]
    $default  reduce using rule 51 (expr)


State 118

   35 expr: expr . '@' TYPEID '.' OBJECTID '(' ')'
   36     | expr . '@' TYPEID '.' OBJECTID '(' exprs_comma ')'
   39     | expr . '.' OBJECTID '(' ')'
   40     | expr . '.' OBJECTID '(' exprs_comma ')'
   50     | expr . '+' expr
   51     | expr . '-' expr
   52     | expr . '*' expr
   52     | expr '*' expr .
   53     | expr . '/' expr
   55     | expr . '<' expr
   56     | expr . LE expr
   57     | expr . '=' expr

    LE   shift, and go to state 87
    '@'  shift, and go to state 88
    '.'  shift, and go to state 89
    '+'  shift, and go to state 90
    '-'  shift, and go to state 91
    '*'  shift, and go to state 92
    '/'  shift, and go to state 93
    '<'  shift, and go to state 94
    '='  shift, and go to state 95

    LE        [reduce using rule 52 (expr)]
    '@'       [reduce using rule 52 (expr)]
    '.'       [reduce using rule 52 (expr)]
    '+'       [reduce using rule 52 (expr)]
    '-'       [reduce using rule 52 (expr)]
    '*'       [reduce using rule 52 (expr)]
    '/'       [reduce using rule 52 (expr)]
    '<'       [reduce using rule 52 (expr)]
    '='       [reduce using rule 52 (expr)]
    $default  reduce using rule 52 (expr)


State 119

   35 expr: expr . '@' TYPEID '.' OBJECTID '(' ')'
   36     | expr . '@' TYPEID '.' OBJECTID '(' exprs_comma ')'
   39     | expr . '.' OBJECTID '(' ')'
   40     | expr . '.' OBJECTID '(' exprs_comma ')'
   50     | expr . '+' expr
   51     | expr . '-' expr
   52     | expr . '*' expr
   53     | expr . '/' expr
   53     | expr '/' expr .
   55     | expr . '<' expr
   56     | expr . LE expr
   57     | expr . '=' expr

    LE   shift, and go to state 87
    '@'  shift, and go to state 88
    '.'  shift, and go to state 89
    '+'  shift, and go to state 90
    '-'  shift, and go to state 91
    '*'  shift, and go to state 92
    '/'  shift, and go to state 93
    '<'  shift, and go to state 94
    '='  shift, and go to state 95

    LE        [reduce using rule 53 (expr)]
    '@'       [reduce using rule 53 (expr)]
    '.'       [reduce using rule 53 (expr)]
    '+'       [reduce using rule 53 (expr)]
    '-'       [reduce using rule 53 (expr)]
    '*'       [reduce using rule 53 (expr)]
    '/'       [reduce using rule 53 (expr)]
    '<'       [reduce using rule 53 (expr)]
    '='       [reduce using rule 53 (expr)]
    $default  reduce using rule 53 (expr)


State 120

   35 expr: expr . '@' TYPEID '.' OBJECTID '(' ')'
   36     | expr . '@' TYPEID '.' OBJECTID '(' exprs_comma ')'
   39     | expr . '.' OBJECTID '(' ')'
   40     | expr . '.' OBJECTID '(' exprs_comma ')'
   50     | expr . '+' expr
   51     | expr . '-' expr
   52     | expr . '*' expr
   53     | expr . '/' expr
   55     | expr . '<' expr
   55     | expr '<' expr .
   56     | expr . LE expr
   57     | expr . '=' expr

    LE   shift, and go to state 87
    '@'  shift, and go to state 88
    '.'  shift, and go to state 89
    '+'  shift, and go to state 90
    '-'  shift, and go to state 91
    '*'  shift, and go to state 92
    '/'  shift, and go to state 93
    '<'  shift, and go to state 94
    '='  shift, and go to state 95

    LE        [reduce using rule 55 (expr)]
    '@'       [reduce using rule 55 (expr)]
    '.'       [reduce using rule 55 (expr)]
    '+'       [reduce using rule 55 (expr)]
    '-'       [reduce using rule 55 (expr)]
    '*'       [reduce using rule 55 (expr)]
    '/'       [reduce using rule 55 (expr)]
    '<'       [reduce using rule 55 (expr)]
    '='       [reduce using rule 55 (expr)]
    $default  reduce using rule 55 (expr)


State 121

   35 expr: expr . '@' TYPEID '.' OBJECTID '(' ')'
   36     | expr . '@' TYPEID '.' OBJECTID '(' exprs_comma ')'
   39     | expr . '.' OBJECTID '(' ')'
   40     | expr . '.' OBJECTID '(' exprs_comma ')'
   50     | expr . '+' expr
   51     | expr . '-' expr
   52     | expr . '*' expr
   53     | expr . '/' expr
   55     | expr . '<' expr
   56     | expr . LE expr
   57     | expr . '=' expr
   57     | expr '=' expr .

    LE   shift, and go to state 87
    '@'  shift, and go to state 88
    '.'  shift, and go to state 89
    '+'  shift, and go to state 90
    '-'  shift, and go to state 91
    '*'  shift, and go to state 92
    '/'  shift, and go to state 93
    '<'  shift, and go to state 94
    '='  shift, and go to state 95

    LE        [reduce using rule 57 (expr)]
    '@'       [reduce using rule 57 (expr)]
    '.'       [reduce using rule 57 (expr)]
    '+'       [reduce using rule 57 (expr)]
    '-'       [reduce using rule 57 (expr)]
    '*'       [reduce using rule 57 (expr)]
    '/'       [reduce using rule 57 (expr)]
    '<'       [reduce using rule 57 (expr)]
    '='       [reduce using rule 57 (expr)]
    $default  reduce using rule 57 (expr)


State 122

   17 feature: OBJECTID '(' ')' ':' TYPEID '{' expr '}' .

    $default  reduce using rule 17 (feature)


State 123

   15 feature: OBJECTID '(' formals_list ')' ':' TYPEID '{' '}' .

    $default  reduce using rule 15 (feature)


State 124

   14 feature: OBJECTID '(' formals_list ')' ':' TYPEID '{' expr . '}'
   35 expr: expr . '@' TYPEID '.' OBJECTID '(' ')'
   36     | expr . '@' TYPEID '.' OBJECTID '(' exprs_comma ')'
   39     | expr . '.' OBJECTID '(' ')'
   40     | expr . '.' OBJECTID '(' exprs_comma ')'
   50     | expr . '+' expr
   51     | expr . '-' expr
   52     | expr . '*' expr
   53     | expr . '/' expr
   55     | expr . '<' expr
   56     | expr . LE expr
   57     | expr . '=' expr

    LE   shift, and go to state 87
    '}'  shift, and go to state 137
    '@'  shift, and go to state 88
    '.'  shift, and go to state 89
    '+'  shift, and go to state 90
    '-'  shift, and go to state 91
    '*'  shift, and go to state 92
    '/'  shift, and go to state 93
    '<'  shift, and go to state 94
    '='  shift, and go to state 95


State 125

   35 expr: expr . '@' TYPEID '.' OBJECTID '(' ')'
   36     | expr . '@' TYPEID '.' OBJECTID '(' exprs_comma ')'
   39     | expr . '.' OBJECTID '(' ')'
   40     | expr . '.' OBJECTID '(' exprs_comma ')'
   41     | IF expr THEN expr . ELSE expr FI
   50     | expr . '+' expr
   51     | expr . '-' expr
   52     | expr . '*' expr
   53     | expr . '/' expr
   55     | expr . '<' expr
   56     | expr . LE expr
   57     | expr . '=' expr

    ELSE  shift, and go to state 138
    LE    shift, and go to state 87
    '@'   shift, and go to state 88
    '.'   shift, and go to state 89
    '+'   shift, and go to state 90
    '-'   shift, and go to state 91
    '*'   shift, and go to state 92
    '/'   shift, and go to state 93
    '<'   shift, and go to state 94
    '='   shift, and go to state 95


State 126

   33 let_expr: error ',' let_expr .

    $default  reduce using rule 33 (let_expr)


State 127

   31 let_expr: OBJECTID ':' TYPEID . opt_assign IN expr
   32         | OBJECTID ':' TYPEID . opt_assign ',' let_expr

    ASSIGN  shift, and go to state 45

    $default  reduce using rule 29 (opt_assign)

    opt_assign  go to state 139


State 128

   35 expr: expr . '@' TYPEID '.' OBJECTID '(' ')'
   36     | expr . '@' TYPEID '.' OBJECTID '(' exprs_comma ')'
   39     | expr . '.' OBJECTID '(' ')'
   40     | expr . '.' OBJECTID '(' exprs_comma ')'
   42     | WHILE expr LOOP expr . POOL
   50     | expr . '+' expr
   51     | expr . '-' expr
   52     | expr . '*' expr
   53     | expr . '/' expr
   55     | expr . '<' expr
   56     | expr . LE expr
   57     | expr . '=' expr

    POOL  shift, and go to state 140
    LE    shift, and go to state 87
    '@'   shift, and go to state 88
    '.'   shift, and go to state 89
    '+'   shift, and go to state 90
    '-'   shift, and go to state 91
    '*'   shift, and go to state 92
    '/'   shift, and go to state 93
    '<'   shift, and go to state 94
    '='   shift, and go to state 95


State 129

   26 case: OBJECTID . ':' TYPEID DARROW expr ';'

    ':'  shift, and go to state 141


State 130

   27 cases: case .

    $default  reduce using rule 27 (cases)


State 131

   28 cases: cases . case
   47 expr: CASE expr OF cases . ESAC

    ESAC      shift, and go to state 142
    OBJECTID  shift, and go to state 129

    case  go to state 143


State 132

   38 expr: OBJECTID '(' exprs_comma ')' .

    $default  reduce using rule 38 (expr)


State 133

   23 exprs_comma: exprs_comma ',' . expr

    IF         shift, and go to state 52
    LET        shift, and go to state 53
    WHILE      shift, and go to state 54
    CASE       shift, and go to state 55
    NEW        shift, and go to state 56
    ISVOID     shift, and go to state 57
    STR_CONST  shift, and go to state 58
    INT_CONST  shift, and go to state 59
    TRUE       shift, and go to state 60
    FALSE      shift, and go to state 61
    OBJECTID   shift, and go to state 62
    NOT        shift, and go to state 63
    '{'        shift, and go to state 64
    '('        shift, and go to state 65
    '~'        shift, and go to state 66

    expr  go to state 144


State 134

   25 exprs_semi: exprs_semi expr ';' .

    $default  reduce using rule 25 (exprs_semi)


State 135

   35 expr: expr '@' TYPEID '.' . OBJECTID '(' ')'
   36     | expr '@' TYPEID '.' . OBJECTID '(' exprs_comma ')'

    OBJECTID  shift, and go to state 145


State 136

   39 expr: expr '.' OBJECTID '(' . ')'
   40     | expr '.' OBJECTID '(' . exprs_comma ')'

    IF         shift, and go to state 52
    LET        shift, and go to state 53
    WHILE      shift, and go to state 54
    CASE       shift, and go to state 55
    NEW        shift, and go to state 56
    ISVOID     shift, and go to state 57
    STR_CONST  shift, and go to state 58
    INT_CONST  shift, and go to state 59
    TRUE       shift, and go to state 60
    FALSE      shift, and go to state 61
    OBJECTID   shift, and go to state 62
    NOT        shift, and go to state 63
    '{'        shift, and go to state 64
    '('        shift, and go to state 65
    ')'        shift, and go to state 146
    '~'        shift, and go to state 66

    exprs_comma  go to state 147
    expr         go to state 107


State 137

   14 feature: OBJECTID '(' formals_list ')' ':' TYPEID '{' expr '}' .

    $default  reduce using rule 14 (feature)


State 138

   41 expr: IF expr THEN expr ELSE . expr FI

    IF         shift, and go to state 52
    LET        shift, and go to state 53
    WHILE      shift, and go to state 54
    CASE       shift, and go to state 55
    NEW        shift, and go to state 56
    ISVOID     shift, and go to state 57
    STR_CONST  shift, and go to state 58
    INT_CONST  shift, and go to state 59
    TRUE       shift, and go to state 60
    FALSE      shift, and go to state 61
    OBJECTID   shift, and go to state 62
    NOT        shift, and go to state 63
    '{'        shift, and go to state 64
    '('        shift, and go to state 65
    '~'        shift, and go to state 66

    expr  go to state 148


State 139

   31 let_expr: OBJECTID ':' TYPEID opt_assign . IN expr
   32         | OBJECTID ':' TYPEID opt_assign . ',' let_expr

    IN   shift, and go to state 149
    ','  shift, and go to state 150


State 140

   42 expr: WHILE expr LOOP expr POOL .

    $default  reduce using rule 42 (expr)


State 141

   26 case: OBJECTID ':' . TYPEID DARROW expr ';'

    TYPEID  shift, and go to state 151


State 142

   47 expr: CASE expr OF cases ESAC .

    $default  reduce using rule 47 (expr)


State 143

   28 cases: cases case .

    $default  reduce using rule 28 (cases)


State 144

   23 exprs_comma: exprs_comma ',' expr .
   35 expr: expr . '@' TYPEID '.' OBJECTID '(' ')'
   36     | expr . '@' TYPEID '.' OBJECTID '(' exprs_comma ')'
   39     | expr . '.' OBJECTID '(' ')'
   40     | expr . '.' OBJECTID '(' exprs_comma ')'
   50     | expr . '+' expr
   51     | expr . '-' expr
   52     | expr . '*' expr
   53     | expr . '/' expr
   55     | expr . '<' expr
   56     | expr . LE expr
   57     | expr . '=' expr

    LE   shift, and go to state 87
    '@'  shift, and go to state 88
    '.'  shift, and go to state 89
    '+'  shift, and go to state 90
    '-'  shift, and go to state 91
    '*'  shift, and go to state 92
    '/'  shift, and go to state 93
    '<'  shift, and go to state 94
    '='  shift, and go to state 95

    $default  reduce using rule 23 (exprs_comma)


State 145

   35 expr: expr '@' TYPEID '.' OBJECTID . '(' ')'
   36     | expr '@' TYPEID '.' OBJECTID . '(' exprs_comma ')'

    '('  shift, and go to state 152


State 146

   39 expr: expr '.' OBJECTID '(' ')' .

    $default  reduce using rule 39 (expr)


State 147

   23 exprs_comma: exprs_comma . ',' expr
   40 expr: expr '.' OBJECTID '(' exprs_comma . ')'

    ')'  shift, and go to state 153
    ','  shift, and go to state 133


State 148

   35 expr: expr . '@' TYPEID '.' OBJECTID '(' ')'
   36     | expr . '@' TYPEID '.' OBJECTID '(' exprs_comma ')'
   39     | expr . '.' OBJECTID '(' ')'
   40     | expr . '.' OBJECTID '(' exprs_comma ')'
   41     | IF expr THEN expr ELSE expr . FI
   50     | expr . '+' expr
   51     | expr . '-' expr
   52     | expr . '*' expr
   53     | expr . '/' expr
   55     | expr . '<' expr
   56     | expr . LE expr
   57     | expr . '=' expr

    FI   shift, and go to state 154
    LE   shift, and go to state 87
    '@'  shift, and go to state 88
    '.'  shift, and go to state 89
    '+'  shift, and go to state 90
    '-'  shift, and go to state 91
    '*'  shift, and go to state 92
    '/'  shift, and go to state 93
    '<'  shift, and go to state 94
    '='  shift, and go to state 95


State 149

   31 let_expr: OBJECTID ':' TYPEID opt_assign IN . expr

    IF         shift, and go to state 52
    LET        shift, and go to state 53
    WHILE      shift, and go to state 54
    CASE       shift, and go to state 55
    NEW        shift, and go to state 56
    ISVOID     shift, and go to state 57
    STR_CONST  shift, and go to state 58
    INT_CONST  shift, and go to state 59
    TRUE       shift, and go to state 60
    FALSE      shift, and go to state 61
    OBJECTID   shift, and go to state 62
    NOT        shift, and go to state 63
    '{'        shift, and go to state 64
    '('        shift, and go to state 65
    '~'        shift, and go to state 66

    expr  go to state 155


State 150

   32 let_expr: OBJECTID ':' TYPEID opt_assign ',' . let_expr

    error     shift, and go to state 71
    OBJECTID  shift, and go to state 72

    let_expr  go to state 156


State 151

   26 case: OBJECTID ':' TYPEID . DARROW expr ';'

    DARROW  shift, and go to state 157


State 152

   35 expr: expr '@' TYPEID '.' OBJECTID '(' . ')'
   36     | expr '@' TYPEID '.' OBJECTID '(' . exprs_comma ')'

    IF         shift, and go to state 52
    LET        shift, and go to state 53
    WHILE      shift, and go to state 54
    CASE       shift, and go to state 55
    NEW        shift, and go to state 56
    ISVOID     shift, and go to state 57
    STR_CONST  shift, and go to state 58
    INT_CONST  shift, and go to state 59
    TRUE       shift, and go to state 60
    FALSE      shift, and go to state 61
    OBJECTID   shift, and go to state 62
    NOT        shift, and go to state 63
    '{'        shift, and go to state 64
    '('        shift, and go to state 65
    ')'        shift, and go to state 158
    '~'        shift, and go to state 66

    exprs_comma  go to state 159
    expr         go to state 107


State 153

   40 expr: expr '.' OBJECTID '(' exprs_comma ')' .

    $default  reduce using rule 40 (expr)


State 154

   41 expr: IF expr THEN expr ELSE expr FI .

    $default  reduce using rule 41 (expr)


State 155

   31 let_expr: OBJECTID ':' TYPEID opt_assign IN expr .
   35 expr: expr . '@' TYPEID '.' OBJECTID '(' ')'
   36     | expr . '@' TYPEID '.' OBJECTID '(' exprs_comma ')'
   39     | expr . '.' OBJECTID '(' ')'
   40     | expr . '.' OBJECTID '(' exprs_comma ')'
   50     | expr . '+' expr
   51     | expr . '-' expr
   52     | expr . '*' expr
   53     | expr . '/' expr
   55     | expr . '<' expr
   56     | expr . LE expr
   57     | expr . '=' expr

    LE   shift, and go to state 87
    '@'  shift, and go to state 88
    '.'  shift, and go to state 89
    '+'  shift, and go to state 90
    '-'  shift, and go to state 91
    '*'  shift, and go to state 92
    '/'  shift, and go to state 93
    '<'  shift, and go to state 94
    '='  shift, and go to state 95

    LE        [reduce using rule 31 (let_expr)]
    '@'       [reduce using rule 31 (let_expr)]
    '.'       [reduce using rule 31 (let_expr)]
    '+'       [reduce using rule 31 (let_expr)]
    '-'       [reduce using rule 31 (let_expr)]
    '*'       [reduce using rule 31 (let_expr)]
    '/'       [reduce using rule 31 (let_expr)]
    '<'       [reduce using rule 31 (let_expr)]
    '='       [reduce using rule 31 (let_expr)]
    $default  reduce using rule 31 (let_expr)


State 156

   32 let_expr: OBJECTID ':' TYPEID opt_assign ',' let_expr .

    $default  reduce using rule 32 (let_expr)


State 157

   26 case: OBJECTID ':' TYPEID DARROW . expr ';'

    IF         shift, and go to state 52
    LET        shift, and go to state 53
    WHILE      shift, and go to state 54
    CASE       shift, and go to state 55
    NEW        shift, and go to state 56
    ISVOID     shift, and go to state 57
    STR_CONST  shift, and go to state 58
    INT_CONST  shift, and go to state 59
    TRUE       shift, and go to state 60
    FALSE      shift, and go to state 61
    OBJECTID   shift, and go to state 62
    NOT        shift, and go to state 63
    '{'        shift, and go to state 64
    '('        shift, and go to state 65
    '~'        shift, and go to state 66

    expr  go to state 160


State 158

   35 expr: expr '@' TYPEID '.' OBJECTID '(' ')' .

    $default  reduce using rule 35 (expr)


State 159

   23 exprs_comma: exprs_comma . ',' expr
   36 expr: expr '@' TYPEID '.' OBJECTID '(' exprs_comma . ')'

    ')'  shift, and go to state 161
    ','  shift, and go to state 133


State 160

   26 case: OBJECTID ':' TYPEID DARROW expr . ';'
   35 expr: expr . '@' TYPEID '.' OBJECTID '(' ')'
   36     | expr . '@' TYPEID '.' OBJECTID '(' exprs_comma ')'
   39     | expr . '.' OBJECTID '(' ')'
   40     | expr . '.' OBJECTID '(' exprs_comma ')'
   50     | expr . '+' expr
   51     | expr . '-' expr
   52     | expr . '*' expr
   53     | expr . '/' expr
   55     | expr . '<' expr
   56     | expr . LE expr
   57     | expr . '=' expr

    LE   shift, and go to state 87
    ';'  shift, and go to state 162
    '@'  shift, and go to state 88
    '.'  shift, and go to state 89
    '+'  shift, and go to state 90
    '-'  shift, and go to state 91
    '*'  shift, and go to state 92
    '/'  shift, and go to state 93
    '<'  shift, and go to state 94
    '='  shift, and go to state 95


State 161

   36 expr: expr '@' TYPEID '.' OBJECTID '(' exprs_comma ')' .

    $default  reduce using rule 36 (expr)


State 162

   26 case: OBJECTID ':' TYPEID DARROW expr ';' .

    $default  reduce using rule 26 (case)
